<?xml version="1.0" encoding="UTF-8"?>
<!-- Generated by org.testng.reporters.JUnitReportReporter -->
<testsuite hostname="AvSom-J27" failures="0" tests="2" name="api.test.UserTests" time="10.155" errors="0" timestamp="03 May 2023 12:13:47 GMT" skipped="0">
  <testcase classname="api.test.UserTests" name="testPostUser" time="4.409"/>
  <testcase classname="api.test.UserTests" name="testUpdateUserByName" time="5.746"/>
</testsuite> <!-- api.test.UserTests -->
