<?xml version="1.0" encoding="UTF-8"?>
<!-- Generated by org.testng.reporters.JUnitReportReporter -->
<testsuite hostname="AvSom-J27" failures="0" tests="2" name="api.test.UserTests2" time="9.878" errors="0" timestamp="03 May 2023 13:46:14 GMT" skipped="0">
  <testcase classname="api.test.UserTests2" name="testPostUser" time="4.619"/>
  <testcase classname="api.test.UserTests2" name="testUpdateUserByName" time="5.259"/>
</testsuite> <!-- api.test.UserTests2 -->
