<?xml version="1.0" encoding="UTF-8"?>
<!-- Generated by org.testng.reporters.JUnitReportReporter -->
<testsuite hostname="AvSom-J27" failures="0" tests="8" name="api.test.DDTests" time="17.991" errors="0" timestamp="03 May 2023 10:11:29 GMT" skipped="0">
  <testcase classname="api.test.DDTests" name="testPostUser" time="2.271"/>
  <testcase classname="api.test.DDTests" name="testPostUser" time="1.766"/>
  <testcase classname="api.test.DDTests" name="testPostUser" time="4.041"/>
  <testcase classname="api.test.DDTests" name="testPostUser" time="1.913"/>
  <testcase classname="api.test.DDTests" name="testDeleteUserByName" time="2.047"/>
  <testcase classname="api.test.DDTests" name="testDeleteUserByName" time="1.946"/>
  <testcase classname="api.test.DDTests" name="testDeleteUserByName" time="2.165"/>
  <testcase classname="api.test.DDTests" name="testDeleteUserByName" time="1.842"/>
</testsuite> <!-- api.test.DDTests -->
