<?xml version="1.0" encoding="UTF-8"?>
<!-- Generated by org.testng.reporters.JUnitReportReporter -->
<testsuite hostname="AvSom-J27" failures="0" tests="2" name="api.test.UserTests" time="9.816" errors="0" timestamp="03 May 2023 19:38:09 GMT" skipped="0">
  <testcase classname="api.test.UserTests" name="testPostUser" time="2.956"/>
  <testcase classname="api.test.UserTests" name="testUpdateUserByName" time="6.860"/>
</testsuite> <!-- api.test.UserTests -->
