<?xml version="1.0" encoding="UTF-8"?>
<!-- Generated by org.testng.reporters.JUnitReportReporter -->
<testsuite hostname="AvSom-J27" failures="0" tests="8" name="api.test.DDTests" time="19.306" errors="0" timestamp="03 May 2023 19:38:09 GMT" skipped="0">
  <testcase classname="api.test.DDTests" name="testPostUser" time="2.022"/>
  <testcase classname="api.test.DDTests" name="testPostUser" time="2.250"/>
  <testcase classname="api.test.DDTests" name="testPostUser" time="2.046"/>
  <testcase classname="api.test.DDTests" name="testPostUser" time="4.573"/>
  <testcase classname="api.test.DDTests" name="testDeleteUserByName" time="1.738"/>
  <testcase classname="api.test.DDTests" name="testDeleteUserByName" time="2.251"/>
  <testcase classname="api.test.DDTests" name="testDeleteUserByName" time="2.152"/>
  <testcase classname="api.test.DDTests" name="testDeleteUserByName" time="2.274"/>
</testsuite> <!-- api.test.DDTests -->
